<?xml version="1.0" encoding="UTF-8"?>
<!-- Generated by org.testng.reporters.JUnitXMLReporter -->
<testsuite ignored="0" hostname="DESKTOP-VTK6SV9" failures="0" tests="1" name="Test in firefox" time="0.163" errors="0" timestamp="2020-12-07T01:19:32 IST">
  <testcase classname="selenium003.Crossbrowse2" name="@BeforeMethod openbrowser" time="0.101">
    <failure type="java.lang.IllegalStateException" message="The driver executable does not exist: E:\seleniumFiles\selenium_workspace\selenium03\&amp;quot;E:\seleniumFiles\Drivers">
      <![CDATA[java.lang.IllegalStateException: The driver executable does not exist: E:\seleniumFiles\selenium_workspace\selenium03\"E:\seleniumFiles\Drivers
at com.google.common.base.Preconditions.checkState(Preconditions.java:585)
at org.openqa.selenium.remote.service.DriverService.checkExecutable(DriverService.java:146)
at org.openqa.selenium.remote.service.DriverService.findExecutable(DriverService.java:141)
at org.openqa.selenium.firefox.GeckoDriverService.access$100(GeckoDriverService.java:44)
at org.openqa.selenium.firefox.GeckoDriverService$Builder.findDefaultExecutable(GeckoDriverService.java:167)
at org.openqa.selenium.remote.service.DriverService$Builder.build(DriverService.java:355)
at org.openqa.selenium.firefox.FirefoxDriver.toExecutor(FirefoxDriver.java:190)
at org.openqa.selenium.firefox.FirefoxDriver.<init>(FirefoxDriver.java:147)
at org.openqa.selenium.firefox.FirefoxDriver.<init>(FirefoxDriver.java:125)
at selenium003.Crossbrowse2.openbrowser(Crossbrowse2.java:22)
at java.base/java.util.concurrent.ThreadPoolExecutor.runWorker(ThreadPoolExecutor.java:1130)
at java.base/java.util.concurrent.ThreadPoolExecutor$Worker.run(ThreadPoolExecutor.java:630)
at java.base/java.lang.Thread.run(Thread.java:832)
... Removed 16 stack frames]]>
    </failure>
  </testcase> <!-- @BeforeMethod openbrowser -->
  <testcase classname="selenium003.Crossbrowse2" name="LOGin" time="0.0">
    <skipped/>
  </testcase> <!-- LOGin -->
</testsuite> <!-- Test in firefox -->
