<?xml version="1.0" encoding="UTF-8"?>
<testng-results ignored="0" total="1" passed="1" failed="0" skipped="0">
  <reporter-output>
  </reporter-output>
  <suite started-at="2020-12-03T12:47:50 IST" name="Default suite" finished-at="2020-12-03T12:48:04 IST" duration-ms="14461">
    <groups>
    </groups>
    <test started-at="2020-12-03T12:47:50 IST" name="Default test" finished-at="2020-12-03T12:48:04 IST" duration-ms="14461">
      <class name="Tc_001.ferlogin">
        <test-method is-config="true" signature="launchbrowsersetup()[pri:0, instance:Tc_001.ferlogin@5c90e579]" started-at="2020-12-03T12:47:50 IST" name="launchbrowsersetup" finished-at="2020-12-03T12:47:54 IST" duration-ms="4085" status="PASS">
          <reporter-output>
          </reporter-output>
        </test-method> <!-- launchbrowsersetup -->
        <test-method signature="driver()[pri:0, instance:Tc_001.ferlogin@5c90e579]" started-at="2020-12-03T12:47:54 IST" name="driver" finished-at="2020-12-03T12:48:04 IST" duration-ms="10306" status="PASS">
          <reporter-output>
          </reporter-output>
        </test-method> <!-- driver -->
      </class> <!-- Tc_001.ferlogin -->
    </test> <!-- Default test -->
  </suite> <!-- Default suite -->
</testng-results>
